{"ts":"2026-04-13T07:59:25.199Z","project_id":"pipeline-runner","event":"RUN_START","current_role":"planner","current_work_id":null,"open_issue_id":null}
{"ts":"2026-04-13T07:59:25.202Z","project_id":"pipeline-runner","event":"AGENT_WAITING","role":"planner","prompt_file":"projects/pipeline-runner/.aios/planner-prompt.txt","result_file":"projects/pipeline-runner/.aios/agent-results/planner.json"}
{"ts":"2026-04-13T08:00:21.877Z","project_id":"pipeline-runner","event":"RUN_START","current_role":"planner","current_work_id":null,"open_issue_id":null}
{"ts":"2026-04-13T08:00:21.882Z","project_id":"pipeline-runner","event":"AGENT_WAITING","role":"planner","prompt_file":"projects/pipeline-runner/.aios/planner-prompt.txt","result_file":"projects/pipeline-runner/.aios/agent-results/planner.json"}
{"ts":"2026-04-13T08:01:08.129Z","project_id":"pipeline-runner","event":"RUN_START","current_role":"planner","current_work_id":null,"open_issue_id":null}
{"ts":"2026-04-13T08:01:08.135Z","project_id":"pipeline-runner","event":"AGENT_RESULT_CONSUMED","role":"planner"}
{"ts":"2026-04-13T08:01:08.135Z","project_id":"pipeline-runner","event":"RUN_START","current_role":"coder","current_work_id":"work_1_runner_and_execution_contract","open_issue_id":null}
{"ts":"2026-04-13T08:02:45.086Z","project_id":"pipeline-runner","event":"RUN_START","current_role":"coder","current_work_id":"work_1_runner_and_execution_contract","open_issue_id":null}
{"ts":"2026-04-13T08:02:45.094Z","project_id":"pipeline-runner","event":"AGENT_WAITING","role":"coder","prompt_file":"projects/pipeline-runner/.aios/coder-prompt.txt","result_file":"projects/pipeline-runner/.aios/agent-results/coder.json"}
{"ts":"2026-04-13T08:08:47.227Z","project_id":"pipeline-runner","event":"RUN_START","current_role":"coder","current_work_id":"work_1_runner_and_execution_contract","open_issue_id":null}
{"ts":"2026-04-13T08:08:47.232Z","project_id":"pipeline-runner","event":"AGENT_WAITING","role":"coder","prompt_file":"projects/pipeline-runner/.aios/coder-prompt.txt","result_file":"projects/pipeline-runner/.aios/agent-results/coder.json"}
{"ts":"2026-04-13T08:09:41.437Z","project_id":"pipeline-runner","event":"RUN_START","current_role":"coder","current_work_id":"work_1_runner_and_execution_contract","open_issue_id":null}
{"ts":"2026-04-13T08:09:41.442Z","project_id":"pipeline-runner","event":"AGENT_WAITING","role":"coder","prompt_file":"projects/pipeline-runner/.aios/coder-prompt.txt","result_file":"projects/pipeline-runner/.aios/agent-results/coder.json"}
{"ts":"2026-04-13T08:16:37.973Z","project_id":"pipeline-runner","event":"RUN_START","current_role":"coder","current_work_id":"work_1_runner_and_execution_contract","open_issue_id":null}
{"ts":"2026-04-13T08:16:37.979Z","project_id":"pipeline-runner","event":"AGENT_RESULT_CONSUMED","role":"coder"}
{"ts":"2026-04-13T08:16:37.979Z","project_id":"pipeline-runner","event":"RUN_START","current_role":"reviewer","current_work_id":"work_1_runner_and_execution_contract","open_issue_id":null}
{"ts":"2026-04-13T08:16:37.982Z","project_id":"pipeline-runner","event":"AGENT_WAITING","role":"reviewer","prompt_file":"projects/pipeline-runner/.aios/reviewer-prompt.txt","result_file":"projects/pipeline-runner/.aios/agent-results/reviewer.json"}
{"ts":"2026-04-13T08:19:41.282Z","project_id":"pipeline-runner","event":"RUN_START","current_role":"reviewer","current_work_id":"work_1_runner_and_execution_contract","open_issue_id":null}
{"ts":"2026-04-13T08:19:41.293Z","project_id":"pipeline-runner","event":"AGENT_WAITING","role":"reviewer","prompt_file":"projects/pipeline-runner/.aios/reviewer-prompt.txt","result_file":"projects/pipeline-runner/.aios/agent-results/reviewer.json"}
{"ts":"2026-04-13T08:22:06.297Z","project_id":"pipeline-runner","event":"RUN_START","current_role":"reviewer","current_work_id":"work_1_runner_and_execution_contract","open_issue_id":null}
{"ts":"2026-04-13T08:22:06.309Z","project_id":"pipeline-runner","event":"AGENT_WAITING","role":"reviewer","prompt_file":"projects/pipeline-runner/.aios/reviewer-prompt.txt","result_file":"projects/pipeline-runner/.aios/agent-results/reviewer.json"}
{"ts":"2026-04-13T08:33:18.354Z","project_id":"pipeline-runner","event":"RUN_START","current_role":"reviewer","current_work_id":"work_1_runner_and_execution_contract","open_issue_id":null}
{"ts":"2026-04-13T08:35:09.589Z","project_id":"pipeline-runner","event":"RUN_START","current_role":"reviewer","current_work_id":"work_1_runner_and_execution_contract","open_issue_id":null}
{"ts":"2026-04-13T08:38:06.343Z","project_id":"pipeline-runner","event":"RUN_START","current_role":"reviewer","current_work_id":"work_1_runner_and_execution_contract","open_issue_id":null}
{"ts":"2026-04-13T08:38:06.363Z","project_id":"pipeline-runner","event":"AGENT_WAITING","role":"reviewer","prompt_file":"projects/pipeline-runner/.aios/reviewer-prompt.txt","result_file":"projects/pipeline-runner/.aios/agent-results/reviewer.json"}
{"ts":"2026-04-13T08:45:44.055Z","project_id":"pipeline-runner","event":"RUN_START","current_role":"reviewer","current_work_id":"work_1_runner_and_execution_contract","open_issue_id":null}
{"ts":"2026-04-13T08:45:44.070Z","project_id":"pipeline-runner","event":"AGENT_WAITING","role":"reviewer","prompt_file":"projects/pipeline-runner/.aios/reviewer-prompt.txt","result_file":"projects/pipeline-runner/.aios/agent-results/reviewer.json"}
{"ts":"2026-04-13T08:49:04.645Z","project_id":"pipeline-runner","event":"RUN_START","current_role":"reviewer","current_work_id":"work_1_runner_and_execution_contract","open_issue_id":null}
{"ts":"2026-04-13T08:49:04.662Z","project_id":"pipeline-runner","event":"AGENT_WAITING","role":"reviewer","prompt_file":"projects/pipeline-runner/.aios/reviewer-prompt.txt","result_file":"projects/pipeline-runner/.aios/agent-results/reviewer.json"}
{"ts":"2026-04-13T08:56:26.935Z","project_id":"pipeline-runner","event":"RUN_START","current_role":"reviewer","current_work_id":"work_1_runner_and_execution_contract","open_issue_id":null}
{"ts":"2026-04-13T08:56:26.951Z","project_id":"pipeline-runner","event":"AGENT_RESULT_CONSUMED","role":"reviewer"}
{"ts":"2026-04-13T08:56:26.951Z","project_id":"pipeline-runner","event":"RUN_START","current_role":"tester","current_work_id":"work_1_runner_and_execution_contract","open_issue_id":null}
{"ts":"2026-04-13T08:56:26.958Z","project_id":"pipeline-runner","event":"AGENT_WAITING","role":"tester","prompt_file":"projects/pipeline-runner/.aios/tester-prompt.txt","result_file":"projects/pipeline-runner/.aios/agent-results/tester.json"}
{"ts":"2026-04-13T08:57:51.654Z","project_id":"pipeline-runner","event":"RUN_START","current_role":"tester","current_work_id":"work_1_runner_and_execution_contract","open_issue_id":null}
{"ts":"2026-04-13T08:57:51.664Z","project_id":"pipeline-runner","event":"AGENT_RESULT_CONSUMED","role":"tester"}
{"ts":"2026-04-13T08:57:51.664Z","project_id":"pipeline-runner","event":"RUN_START","current_role":"coder","current_work_id":"work_2_workspace_and_contract_mapping","open_issue_id":null}
{"ts":"2026-04-13T08:57:51.668Z","project_id":"pipeline-runner","event":"AGENT_WAITING","role":"coder","prompt_file":"projects/pipeline-runner/.aios/coder-prompt.txt","result_file":"projects/pipeline-runner/.aios/agent-results/coder.json"}
{"ts":"2026-04-13T09:02:14.958Z","project_id":"pipeline-runner","event":"RUN_START","current_role":"coder","current_work_id":"work_2_workspace_and_contract_mapping","open_issue_id":null}
{"ts":"2026-04-13T09:02:14.963Z","project_id":"pipeline-runner","event":"AGENT_RESULT_CONSUMED","role":"coder"}
{"ts":"2026-04-13T09:02:14.963Z","project_id":"pipeline-runner","event":"RUN_START","current_role":"reviewer","current_work_id":"work_2_workspace_and_contract_mapping","open_issue_id":null}
{"ts":"2026-04-13T09:02:14.978Z","project_id":"pipeline-runner","event":"AGENT_WAITING","role":"reviewer","prompt_file":"projects/pipeline-runner/.aios/reviewer-prompt.txt","result_file":"projects/pipeline-runner/.aios/agent-results/reviewer.json"}
{"ts":"2026-04-13T09:03:13.005Z","project_id":"pipeline-runner","event":"RUN_START","current_role":"reviewer","current_work_id":"work_2_workspace_and_contract_mapping","open_issue_id":null}
{"ts":"2026-04-13T09:03:13.023Z","project_id":"pipeline-runner","event":"AGENT_RESULT_CONSUMED","role":"reviewer"}
{"ts":"2026-04-13T09:03:13.023Z","project_id":"pipeline-runner","event":"RUN_START","current_role":"tester","current_work_id":"work_2_workspace_and_contract_mapping","open_issue_id":null}
{"ts":"2026-04-13T09:03:13.025Z","project_id":"pipeline-runner","event":"AGENT_WAITING","role":"tester","prompt_file":"projects/pipeline-runner/.aios/tester-prompt.txt","result_file":"projects/pipeline-runner/.aios/agent-results/tester.json"}
{"ts":"2026-04-13T09:04:37.531Z","project_id":"pipeline-runner","event":"RUN_START","current_role":"tester","current_work_id":"work_2_workspace_and_contract_mapping","open_issue_id":null}
{"ts":"2026-04-13T09:04:37.542Z","project_id":"pipeline-runner","event":"AGENT_RESULT_CONSUMED","role":"tester"}
{"ts":"2026-04-13T09:04:37.542Z","project_id":"pipeline-runner","event":"RUN_START","current_role":"coder","current_work_id":"work_3_validation_layer","open_issue_id":null}
{"ts":"2026-04-13T09:04:37.545Z","project_id":"pipeline-runner","event":"AGENT_WAITING","role":"coder","prompt_file":"projects/pipeline-runner/.aios/coder-prompt.txt","result_file":"projects/pipeline-runner/.aios/agent-results/coder.json"}
{"ts":"2026-04-13T09:08:20.079Z","project_id":"pipeline-runner","event":"RUN_START","current_role":"coder","current_work_id":"work_3_validation_layer","open_issue_id":null}
{"ts":"2026-04-13T09:08:20.087Z","project_id":"pipeline-runner","event":"AGENT_RESULT_CONSUMED","role":"coder"}
{"ts":"2026-04-13T09:08:20.087Z","project_id":"pipeline-runner","event":"RUN_START","current_role":"reviewer","current_work_id":"work_3_validation_layer","open_issue_id":null}
{"ts":"2026-04-13T09:08:20.099Z","project_id":"pipeline-runner","event":"AGENT_WAITING","role":"reviewer","prompt_file":"projects/pipeline-runner/.aios/reviewer-prompt.txt","result_file":"projects/pipeline-runner/.aios/agent-results/reviewer.json"}
{"ts":"2026-04-13T09:08:26.614Z","project_id":"pipeline-runner","event":"RUN_START","current_role":"reviewer","current_work_id":"work_3_validation_layer","open_issue_id":null}
{"ts":"2026-04-13T09:08:26.630Z","project_id":"pipeline-runner","event":"AGENT_WAITING","role":"reviewer","prompt_file":"projects/pipeline-runner/.aios/reviewer-prompt.txt","result_file":"projects/pipeline-runner/.aios/agent-results/reviewer.json"}
{"ts":"2026-04-13T09:09:12.882Z","project_id":"pipeline-runner","event":"RUN_START","current_role":"reviewer","current_work_id":"work_3_validation_layer","open_issue_id":null}
{"ts":"2026-04-13T09:09:12.899Z","project_id":"pipeline-runner","event":"AGENT_RESULT_CONSUMED","role":"reviewer"}
{"ts":"2026-04-13T09:09:12.899Z","project_id":"pipeline-runner","event":"RUN_START","current_role":"tester","current_work_id":"work_3_validation_layer","open_issue_id":null}
{"ts":"2026-04-13T09:09:12.901Z","project_id":"pipeline-runner","event":"AGENT_WAITING","role":"tester","prompt_file":"projects/pipeline-runner/.aios/tester-prompt.txt","result_file":"projects/pipeline-runner/.aios/agent-results/tester.json"}
{"ts":"2026-04-13T09:10:07.912Z","project_id":"pipeline-runner","event":"RUN_START","current_role":"tester","current_work_id":"work_3_validation_layer","open_issue_id":null}
{"ts":"2026-04-13T09:10:07.922Z","project_id":"pipeline-runner","event":"AGENT_RESULT_CONSUMED","role":"tester"}
{"ts":"2026-04-13T09:10:07.922Z","project_id":"pipeline-runner","event":"RUN_START","current_role":"coder","current_work_id":"work_4_report_and_outputs","open_issue_id":null}
{"ts":"2026-04-13T09:10:07.924Z","project_id":"pipeline-runner","event":"AGENT_WAITING","role":"coder","prompt_file":"projects/pipeline-runner/.aios/coder-prompt.txt","result_file":"projects/pipeline-runner/.aios/agent-results/coder.json"}
{"ts":"2026-04-13T09:12:30.356Z","project_id":"pipeline-runner","event":"RUN_START","current_role":"coder","current_work_id":"work_4_report_and_outputs","open_issue_id":null}
{"ts":"2026-04-13T09:12:30.360Z","project_id":"pipeline-runner","event":"AGENT_RESULT_CONSUMED","role":"coder"}
{"ts":"2026-04-13T09:12:30.360Z","project_id":"pipeline-runner","event":"RUN_START","current_role":"reviewer","current_work_id":"work_4_report_and_outputs","open_issue_id":null}
{"ts":"2026-04-13T09:12:30.373Z","project_id":"pipeline-runner","event":"AGENT_WAITING","role":"reviewer","prompt_file":"projects/pipeline-runner/.aios/reviewer-prompt.txt","result_file":"projects/pipeline-runner/.aios/agent-results/reviewer.json"}
{"ts":"2026-04-13T09:12:34.290Z","project_id":"pipeline-runner","event":"RUN_START","current_role":"reviewer","current_work_id":"work_4_report_and_outputs","open_issue_id":null}
{"ts":"2026-04-13T09:12:34.308Z","project_id":"pipeline-runner","event":"AGENT_WAITING","role":"reviewer","prompt_file":"projects/pipeline-runner/.aios/reviewer-prompt.txt","result_file":"projects/pipeline-runner/.aios/agent-results/reviewer.json"}
{"ts":"2026-04-13T09:16:39.513Z","project_id":"pipeline-runner","event":"RUN_START","current_role":"reviewer","current_work_id":"work_4_report_and_outputs","open_issue_id":null}
{"ts":"2026-04-13T09:16:39.544Z","project_id":"pipeline-runner","event":"AGENT_RESULT_CONSUMED","role":"reviewer"}
{"ts":"2026-04-13T09:16:39.544Z","project_id":"pipeline-runner","event":"RUN_START","current_role":"coder","current_work_id":"work_4_report_and_outputs","open_issue_id":"issue_1776071799544"}
{"ts":"2026-04-13T09:16:39.549Z","project_id":"pipeline-runner","event":"AGENT_WAITING","role":"coder","prompt_file":"projects/pipeline-runner/.aios/coder-prompt.txt","result_file":"projects/pipeline-runner/.aios/agent-results/coder.json"}
{"ts":"2026-04-13T09:20:11.440Z","project_id":"pipeline-runner","event":"RUN_START","current_role":"coder","current_work_id":"work_4_report_and_outputs","open_issue_id":"issue_1776071799544"}
{"ts":"2026-04-13T09:20:11.445Z","project_id":"pipeline-runner","event":"ISSUE_CLOSED","issue_id":"issue_1776071799544"}
{"ts":"2026-04-13T09:20:11.446Z","project_id":"pipeline-runner","event":"AGENT_RESULT_CONSUMED","role":"coder"}
{"ts":"2026-04-13T09:20:11.446Z","project_id":"pipeline-runner","event":"RUN_START","current_role":"reviewer","current_work_id":"work_4_report_and_outputs","open_issue_id":null}
{"ts":"2026-04-13T09:20:11.460Z","project_id":"pipeline-runner","event":"AGENT_WAITING","role":"reviewer","prompt_file":"projects/pipeline-runner/.aios/reviewer-prompt.txt","result_file":"projects/pipeline-runner/.aios/agent-results/reviewer.json"}
{"ts":"2026-04-13T09:20:15.843Z","project_id":"pipeline-runner","event":"RUN_START","current_role":"reviewer","current_work_id":"work_4_report_and_outputs","open_issue_id":null}
{"ts":"2026-04-13T09:20:15.856Z","project_id":"pipeline-runner","event":"AGENT_WAITING","role":"reviewer","prompt_file":"projects/pipeline-runner/.aios/reviewer-prompt.txt","result_file":"projects/pipeline-runner/.aios/agent-results/reviewer.json"}
{"ts":"2026-04-13T09:21:21.073Z","project_id":"pipeline-runner","event":"RUN_START","current_role":"reviewer","current_work_id":"work_4_report_and_outputs","open_issue_id":null}
{"ts":"2026-04-13T09:21:21.092Z","project_id":"pipeline-runner","event":"AGENT_RESULT_CONSUMED","role":"reviewer"}
{"ts":"2026-04-13T09:21:21.092Z","project_id":"pipeline-runner","event":"RUN_START","current_role":"tester","current_work_id":"work_4_report_and_outputs","open_issue_id":null}
{"ts":"2026-04-13T09:21:21.094Z","project_id":"pipeline-runner","event":"AGENT_WAITING","role":"tester","prompt_file":"projects/pipeline-runner/.aios/tester-prompt.txt","result_file":"projects/pipeline-runner/.aios/agent-results/tester.json"}
{"ts":"2026-04-13T09:22:24.087Z","project_id":"pipeline-runner","event":"RUN_START","current_role":"tester","current_work_id":"work_4_report_and_outputs","open_issue_id":null}
{"ts":"2026-04-13T09:22:24.093Z","project_id":"pipeline-runner","event":"AGENT_RESULT_CONSUMED","role":"tester"}
{"ts":"2026-04-13T09:22:24.093Z","project_id":"pipeline-runner","event":"RUN_START","current_role":"reviewer","current_work_id":"work_5_review","open_issue_id":null}
{"ts":"2026-04-13T09:22:24.107Z","project_id":"pipeline-runner","event":"AGENT_WAITING","role":"reviewer","prompt_file":"projects/pipeline-runner/.aios/reviewer-prompt.txt","result_file":"projects/pipeline-runner/.aios/agent-results/reviewer.json"}
{"ts":"2026-04-13T09:22:36.319Z","project_id":"pipeline-runner","event":"RUN_START","current_role":"reviewer","current_work_id":"work_5_review","open_issue_id":null}
{"ts":"2026-04-13T09:22:36.334Z","project_id":"pipeline-runner","event":"AGENT_WAITING","role":"reviewer","prompt_file":"projects/pipeline-runner/.aios/reviewer-prompt.txt","result_file":"projects/pipeline-runner/.aios/agent-results/reviewer.json"}
{"ts":"2026-04-13T09:33:50.914Z","project_id":"pipeline-runner","event":"RUN_START","current_role":"reviewer","current_work_id":"work_5_review","open_issue_id":null}
{"ts":"2026-04-13T09:33:50.928Z","project_id":"pipeline-runner","event":"AGENT_WAITING","role":"reviewer","prompt_file":"projects/pipeline-runner/.aios/reviewer-prompt.txt","result_file":"projects/pipeline-runner/.aios/agent-results/reviewer.json"}
{"ts":"2026-04-13T09:34:50.047Z","project_id":"pipeline-runner","event":"RUN_START","current_role":"reviewer","current_work_id":"work_5_review","open_issue_id":null}
{"ts":"2026-04-13T09:34:50.061Z","project_id":"pipeline-runner","event":"AGENT_WAITING","role":"reviewer","prompt_file":"projects/pipeline-runner/.aios/reviewer-prompt.txt","result_file":"projects/pipeline-runner/.aios/agent-results/reviewer.json"}
{"ts":"2026-04-13T09:35:33.212Z","project_id":"pipeline-runner","event":"RUN_START","current_role":"reviewer","current_work_id":"work_5_review","open_issue_id":null}
{"ts":"2026-04-13T09:35:33.227Z","project_id":"pipeline-runner","event":"AGENT_WAITING","role":"reviewer","prompt_file":"projects/pipeline-runner/.aios/reviewer-prompt.txt","result_file":"projects/pipeline-runner/.aios/agent-results/reviewer.json"}
{"ts":"2026-04-13T09:36:00.642Z","project_id":"pipeline-runner","event":"RUN_START","current_role":"reviewer","current_work_id":"work_5_review","open_issue_id":null}
{"ts":"2026-04-13T09:36:00.661Z","project_id":"pipeline-runner","event":"AGENT_WAITING","role":"reviewer","prompt_file":"projects/pipeline-runner/.aios/reviewer-prompt.txt","result_file":"projects/pipeline-runner/.aios/agent-results/reviewer.json"}
{"ts":"2026-04-13T09:37:57.582Z","project_id":"pipeline-runner","event":"RUN_START","current_role":"reviewer","current_work_id":"work_5_review","open_issue_id":null}
{"ts":"2026-04-13T09:37:57.599Z","project_id":"pipeline-runner","event":"AGENT_RESULT_CONSUMED","role":"reviewer"}
{"ts":"2026-04-13T09:37:57.599Z","project_id":"pipeline-runner","event":"RUN_START","current_role":"tester","current_work_id":"work_6_e2e_test","open_issue_id":null}
{"ts":"2026-04-13T09:37:57.601Z","project_id":"pipeline-runner","event":"AGENT_WAITING","role":"tester","prompt_file":"projects/pipeline-runner/.aios/tester-prompt.txt","result_file":"projects/pipeline-runner/.aios/agent-results/tester.json"}
{"ts":"2026-04-13T09:42:11.061Z","project_id":"pipeline-runner","event":"RUN_START","current_role":"tester","current_work_id":"work_6_e2e_test","open_issue_id":null}
{"ts":"2026-04-13T09:42:11.067Z","project_id":"pipeline-runner","event":"AGENT_RESULT_CONSUMED","role":"tester"}
{"ts":"2026-04-13T09:42:11.067Z","project_id":"pipeline-runner","event":"RUN_START","current_role":"coder","current_work_id":"work_6_e2e_test","open_issue_id":"issue_1776073331067"}
{"ts":"2026-04-13T09:42:11.070Z","project_id":"pipeline-runner","event":"AGENT_WAITING","role":"coder","prompt_file":"projects/pipeline-runner/.aios/coder-prompt.txt","result_file":"projects/pipeline-runner/.aios/agent-results/coder.json"}
{"ts":"2026-04-13T09:43:52.885Z","project_id":"pipeline-runner","event":"RUN_START","current_role":"coder","current_work_id":"work_6_e2e_test","open_issue_id":"issue_1776073331067"}
{"ts":"2026-04-13T09:43:52.894Z","project_id":"pipeline-runner","event":"AGENT_RESULT_CONSUMED","role":"coder"}
{"ts":"2026-04-13T09:43:52.894Z","project_id":"pipeline-runner","event":"RUN_START","current_role":"coder","current_work_id":"work_6_e2e_test","open_issue_id":"issue_1776073331067"}
{"ts":"2026-04-13T10:03:22.173Z","project_id":"pipeline-runner","event":"RUN_START","current_role":"coder","current_work_id":"work_6_e2e_test","open_issue_id":"issue_1776073331067"}
{"ts":"2026-04-13T10:05:51.281Z","project_id":"pipeline-runner","event":"RUN_START","current_role":"coder","current_work_id":"work_6_e2e_test","open_issue_id":null}
{"ts":"2026-04-13T10:05:51.288Z","project_id":"pipeline-runner","event":"AGENT_WAITING","role":"coder","prompt_file":"projects/pipeline-runner/.aios/coder-prompt.txt","result_file":"projects/pipeline-runner/.aios/agent-results/coder.json"}
{"ts":"2026-04-13T10:08:25.043Z","project_id":"pipeline-runner","event":"RUN_START","current_role":"coder","current_work_id":"work_6_e2e_test","open_issue_id":null}
{"ts":"2026-04-13T10:08:25.060Z","project_id":"pipeline-runner","event":"AGENT_RESULT_CONSUMED","role":"coder"}
{"ts":"2026-04-13T10:08:25.061Z","project_id":"pipeline-runner","event":"RUN_START","current_role":"tester","current_work_id":"work_6_e2e_test","open_issue_id":null}
{"ts":"2026-04-13T10:08:25.067Z","project_id":"pipeline-runner","event":"AGENT_WAITING","role":"tester","prompt_file":"projects/pipeline-runner/.aios/tester-prompt.txt","result_file":"projects/pipeline-runner/.aios/agent-results/tester.json"}
{"ts":"2026-04-13T10:10:06.082Z","project_id":"pipeline-runner","event":"RUN_START","current_role":"tester","current_work_id":"work_6_e2e_test","open_issue_id":null}
{"ts":"2026-04-13T10:10:06.088Z","project_id":"pipeline-runner","event":"AGENT_RESULT_CONSUMED","role":"tester"}
{"ts":"2026-04-13T10:10:06.089Z","project_id":"pipeline-runner","event":"RUN_START","current_role":"coder","current_work_id":"work_1_runner_and_execution_contract","open_issue_id":null}
{"ts":"2026-04-13T10:10:06.091Z","project_id":"pipeline-runner","event":"AGENT_WAITING","role":"coder","prompt_file":"projects/pipeline-runner/.aios/coder-prompt.txt","result_file":"projects/pipeline-runner/.aios/agent-results/coder.json"}
{"ts":"2026-04-13T10:10:16.595Z","project_id":"pipeline-runner","event":"RUN_START","current_role":"coder","current_work_id":"work_1_runner_and_execution_contract","open_issue_id":null}
{"ts":"2026-04-13T10:10:16.599Z","project_id":"pipeline-runner","event":"AGENT_WAITING","role":"coder","prompt_file":"projects/pipeline-runner/.aios/coder-prompt.txt","result_file":"projects/pipeline-runner/.aios/agent-results/coder.json"}
{"ts":"2026-04-13T10:14:09.733Z","project_id":"pipeline-runner","event":"RUN_START","current_role":null,"current_work_id":null,"open_issue_id":null}
{"ts":"2026-04-13T10:16:35.108Z","project_id":"pipeline-runner","event":"RUN_START","current_role":null,"current_work_id":null,"open_issue_id":null}
{"ts":"2026-04-13T10:16:35.109Z","project_id":"pipeline-runner","event":"ALL_WORK_DONE"}
